D:\MSW\CODE\SCRATCH\EIGHTEENTHREE\EIGHTEENTHREE\X64\DEBUG\APP.OBJ
D:\MSW\CODE\SCRATCH\EIGHTEENTHREE\EIGHTEENTHREE\X64\DEBUG\UI.OBJ
D:\MSW\CODE\SCRATCH\EIGHTEENTHREE\EIGHTEENTHREE\X64\DEBUG\DX.OBJ
D:\MSW\CODE\SCRATCH\EIGHTEENTHREE\EIGHTEENTHREE\X64\DEBUG\ENTRYPOINT.OBJ
D:\MSW\CODE\SCRATCH\EIGHTEENTHREE\EIGHTEENTHREE\X64\DEBUG\VC110.PDB
D:\msw\Code\Scratch\EighteenThree\x64\Debug\surface_basic.cso
D:\msw\Code\Scratch\EighteenThree\x64\Debug\surface_basic_PS.cso
D:\MSW\CODE\SCRATCH\EIGHTEENTHREE\X64\DEBUG\SURFACE_BASIC.CSO
D:\MSW\CODE\SCRATCH\EIGHTEENTHREE\X64\DEBUG\SURFACE_BASIC_PS.CSO
D:\MSW\CODE\SCRATCH\EIGHTEENTHREE\X64\DEBUG\EIGHTEENTHREE.ILK
D:\MSW\CODE\SCRATCH\EIGHTEENTHREE\X64\DEBUG\EIGHTEENTHREE.EXE
D:\MSW\CODE\SCRATCH\EIGHTEENTHREE\X64\DEBUG\EIGHTEENTHREE.PDB
D:\msw\Code\Scratch\EighteenThree\EighteenThree\x64\Debug\app.obj
D:\msw\Code\Scratch\EighteenThree\EighteenThree\x64\Debug\dx.obj
D:\msw\Code\Scratch\EighteenThree\EighteenThree\x64\Debug\entrypoint.obj
D:\msw\Code\Scratch\EighteenThree\EighteenThree\x64\Debug\ui.obj
D:\msw\Code\Scratch\EighteenThree\EighteenThree\x64\Debug\cl.command.1.tlog
D:\msw\Code\Scratch\EighteenThree\EighteenThree\x64\Debug\CL.read.1.tlog
D:\msw\Code\Scratch\EighteenThree\EighteenThree\x64\Debug\CL.write.1.tlog
D:\msw\Code\Scratch\EighteenThree\EighteenThree\x64\Debug\EighteenThree.write.1.tlog
D:\msw\Code\Scratch\EighteenThree\EighteenThree\x64\Debug\FXC.command.1.tlog
D:\msw\Code\Scratch\EighteenThree\EighteenThree\x64\Debug\fxc.read.1.tlog
D:\msw\Code\Scratch\EighteenThree\EighteenThree\x64\Debug\fxc.write.1.tlog
D:\msw\Code\Scratch\EighteenThree\EighteenThree\x64\Debug\link-cvtres.read.1.tlog
D:\msw\Code\Scratch\EighteenThree\EighteenThree\x64\Debug\link-cvtres.write.1.tlog
D:\msw\Code\Scratch\EighteenThree\EighteenThree\x64\Debug\link-rc.read.1.tlog
D:\msw\Code\Scratch\EighteenThree\EighteenThree\x64\Debug\link-rc.write.1.tlog
D:\msw\Code\Scratch\EighteenThree\EighteenThree\x64\Debug\link.10228-cvtres.read.1.tlog
D:\msw\Code\Scratch\EighteenThree\EighteenThree\x64\Debug\link.10228-cvtres.write.1.tlog
D:\msw\Code\Scratch\EighteenThree\EighteenThree\x64\Debug\link.10228-rc.read.1.tlog
D:\msw\Code\Scratch\EighteenThree\EighteenThree\x64\Debug\link.10228-rc.write.1.tlog
D:\msw\Code\Scratch\EighteenThree\EighteenThree\x64\Debug\link.10228.read.1.tlog
D:\msw\Code\Scratch\EighteenThree\EighteenThree\x64\Debug\link.10228.write.1.tlog
D:\msw\Code\Scratch\EighteenThree\EighteenThree\x64\Debug\link.1100-cvtres.read.1.tlog
D:\msw\Code\Scratch\EighteenThree\EighteenThree\x64\Debug\link.1100-cvtres.write.1.tlog
D:\msw\Code\Scratch\EighteenThree\EighteenThree\x64\Debug\link.1100-rc.read.1.tlog
D:\msw\Code\Scratch\EighteenThree\EighteenThree\x64\Debug\link.1100-rc.write.1.tlog
D:\msw\Code\Scratch\EighteenThree\EighteenThree\x64\Debug\link.1100.read.1.tlog
D:\msw\Code\Scratch\EighteenThree\EighteenThree\x64\Debug\link.1100.write.1.tlog
D:\msw\Code\Scratch\EighteenThree\EighteenThree\x64\Debug\link.6600-cvtres.read.1.tlog
D:\msw\Code\Scratch\EighteenThree\EighteenThree\x64\Debug\link.6600-cvtres.write.1.tlog
D:\msw\Code\Scratch\EighteenThree\EighteenThree\x64\Debug\link.6600-rc.read.1.tlog
D:\msw\Code\Scratch\EighteenThree\EighteenThree\x64\Debug\link.6600-rc.write.1.tlog
D:\msw\Code\Scratch\EighteenThree\EighteenThree\x64\Debug\link.6600.read.1.tlog
D:\msw\Code\Scratch\EighteenThree\EighteenThree\x64\Debug\link.6600.write.1.tlog
D:\msw\Code\Scratch\EighteenThree\EighteenThree\x64\Debug\link.6844-cvtres.read.1.tlog
D:\msw\Code\Scratch\EighteenThree\EighteenThree\x64\Debug\link.6844-cvtres.write.1.tlog
D:\msw\Code\Scratch\EighteenThree\EighteenThree\x64\Debug\link.6844-rc.read.1.tlog
D:\msw\Code\Scratch\EighteenThree\EighteenThree\x64\Debug\link.6844-rc.write.1.tlog
D:\msw\Code\Scratch\EighteenThree\EighteenThree\x64\Debug\link.6844.read.1.tlog
D:\msw\Code\Scratch\EighteenThree\EighteenThree\x64\Debug\link.6844.write.1.tlog
D:\msw\Code\Scratch\EighteenThree\EighteenThree\x64\Debug\link.command.1.tlog
D:\msw\Code\Scratch\EighteenThree\EighteenThree\x64\Debug\link.read.1.tlog
D:\msw\Code\Scratch\EighteenThree\EighteenThree\x64\Debug\link.write.1.tlog
D:\msw\Code\Scratch\EighteenThree\EighteenThree\x64\Debug\vc110.idb
D:\msw\Code\Scratch\EighteenThree\EighteenThree\x64\Debug\vc110.pdb
D:\msw\Code\Scratch\EighteenThree\x64\Debug\EighteenThree.pdb
D:\msw\Code\Scratch\EighteenThree\x64\Debug\EighteenThree.exe
D:\msw\Code\Scratch\EighteenThree\x64\Debug\EighteenThree.ilk
